<?xml version="1.0" encoding="UTF-8" ?>
<testsuite tests="5" failures="0" name="test.AddActivityTest" time="0" errors="0" skipped="0">
  <properties>
[...]
</properties>
  <testcase classname="test.AddActivityTest" name="testCase1" time="0"/>
  <testcase classname="test.AddActivityTest" name="testCase2" time="0"/>
  <testcase classname="test.AddActivityTest" name="testCase3" time="0"/>
  <testcase classname="test.AddActivityTest" name="testCase4" time="0"/>
  <testcase classname="test.AddActivityTest" name="testCase5" time="0"/>
</testsuite>